<?xml version="1.0" encoding="UTF-8"?>
<!-- Generated by org.testng.reporters.JUnitReportReporter -->
<testsuite hostname="pathwalker-pc" name="test.testNG.CardStackTest" tests="15" failures="0" timestamp="28 Apr 2017 01:12:44 GMT" time="2.278" errors="0">
  <testcase name="addStack" time="0.125" classname="test.testNG.CardStackTest"/>
  <testcase name="getBottom" time="0.141" classname="test.testNG.CardStackTest"/>
  <testcase name="peek" time="0.140" classname="test.testNG.CardStackTest"/>
  <testcase name="isEmpty" time="0.141" classname="test.testNG.CardStackTest"/>
  <testcase name="pop" time="0.156" classname="test.testNG.CardStackTest"/>
  <testcase name="length" time="0.141" classname="test.testNG.CardStackTest"/>
  <testcase name="getAvailableCards" time="0.172" classname="test.testNG.CardStackTest"/>
  <testcase name="pushCard" time="0.140" classname="test.testNG.CardStackTest"/>
  <testcase name="getCardAtLocationint" time="0.141" classname="test.testNG.CardStackTest"/>
  <testcase name="search" time="0.219" classname="test.testNG.CardStackTest"/>
  <testcase name="addCard" time="0.187" classname="test.testNG.CardStackTest"/>
  <testcase name="getStackint" time="0.155" classname="test.testNG.CardStackTest"/>
  <testcase name="pushCardStack" time="0.124" classname="test.testNG.CardStackTest"/>
  <testcase name="getStackCard" time="0.156" classname="test.testNG.CardStackTest"/>
  <testcase name="popCardStack" time="0.140" classname="test.testNG.CardStackTest"/>
</testsuite> <!-- test.testNG.CardStackTest -->
