<?xml version="1.0" encoding="UTF-8"?>
<!-- Generated by org.testng.reporters.JUnitReportReporter -->
<testsuite hostname="pathwalker-pc" name="test.integration.DeckTest" tests="3" failures="0" timestamp="28 Apr 2017 02:22:28 GMT" time="2.608" errors="0">
  <testcase name="getDeckLinkedListInteger" time="0.845" classname="test.integration.DeckTest"/>
  <testcase name="shuffle" time="0.820" classname="test.integration.DeckTest"/>
  <testcase name="getDeck" time="0.943" classname="test.integration.DeckTest"/>
</testsuite> <!-- test.integration.DeckTest -->
