<?xml version="1.0" encoding="UTF-8"?>
<!-- Generated by org.testng.reporters.JUnitReportReporter -->
<testsuite hostname="pathwalker-pc" name="test.integration.CardStackTest" tests="15" failures="0" timestamp="28 Apr 2017 02:22:14 GMT" time="2.362" errors="0">
  <testcase name="getAvailableCards" time="0.153" classname="test.integration.CardStackTest"/>
  <testcase name="getCardAtLocationint" time="0.149" classname="test.integration.CardStackTest"/>
  <testcase name="isEmpty" time="0.139" classname="test.integration.CardStackTest"/>
  <testcase name="popCardStack" time="0.192" classname="test.integration.CardStackTest"/>
  <testcase name="peek" time="0.149" classname="test.integration.CardStackTest"/>
  <testcase name="pushCardStack" time="0.149" classname="test.integration.CardStackTest"/>
  <testcase name="addStack" time="0.141" classname="test.integration.CardStackTest"/>
  <testcase name="pop" time="0.149" classname="test.integration.CardStackTest"/>
  <testcase name="getStackCard" time="0.245" classname="test.integration.CardStackTest"/>
  <testcase name="addCard" time="0.175" classname="test.integration.CardStackTest"/>
  <testcase name="getBottom" time="0.140" classname="test.integration.CardStackTest"/>
  <testcase name="getStackint" time="0.155" classname="test.integration.CardStackTest"/>
  <testcase name="pushCard" time="0.140" classname="test.integration.CardStackTest"/>
  <testcase name="length" time="0.141" classname="test.integration.CardStackTest"/>
  <testcase name="search" time="0.145" classname="test.integration.CardStackTest"/>
</testsuite> <!-- test.integration.CardStackTest -->
