<?xml version="1.0" encoding="UTF-8"?>
<!-- Generated by org.testng.reporters.JUnitReportReporter -->
<testsuite hostname="pathwalker-pc" name="test.testNG.DeckTest" tests="3" failures="0" timestamp="28 Apr 2017 01:12:44 GMT" time="3.292" errors="0">
  <testcase name="shuffle" time="0.795" classname="test.testNG.DeckTest"/>
  <testcase name="getDeckLinkedListInteger" time="0.812" classname="test.testNG.DeckTest"/>
  <testcase name="getDeck" time="1.685" classname="test.testNG.DeckTest"/>
</testsuite> <!-- test.testNG.DeckTest -->
