<?xml version="1.0" encoding="UTF-8"?>
<!-- Generated by org.testng.reporters.JUnitReportReporter -->
<testsuite hostname="pathwalker-pc" name="test.testNG.CardTest" tests="364" failures="0" timestamp="28 Apr 2017 01:28:20 GMT" time="1.058" errors="0">
  <testcase name="equals" time="0.000" classname="test.testNG.CardTest"/>
  <testcase name="getNumber" time="0.000" classname="test.testNG.CardTest"/>
  <testcase name="getNumber" time="0.000" classname="test.testNG.CardTest"/>
  <testcase name="isFaceUp" time="0.000" classname="test.testNG.CardTest"/>
  <testcase name="isFaceUp" time="0.000" classname="test.testNG.CardTest"/>
  <testcase name="isFaceUp" time="0.000" classname="test.testNG.CardTest"/>
  <testcase name="isHighlighted" time="0.016" classname="test.testNG.CardTest"/>
  <testcase name="isValidSuit" time="0.000" classname="test.testNG.CardTest"/>
  <testcase name="isValidSuit" time="0.000" classname="test.testNG.CardTest"/>
  <testcase name="getNumber" time="0.000" classname="test.testNG.CardTest"/>
  <testcase name="getNumber" time="0.000" classname="test.testNG.CardTest"/>
  <testcase name="isValidSuit" time="0.000" classname="test.testNG.CardTest"/>
  <testcase name="getSuit" time="0.000" classname="test.testNG.CardTest"/>
  <testcase name="color" time="0.000" classname="test.testNG.CardTest"/>
  <testcase name="color" time="0.000" classname="test.testNG.CardTest"/>
  <testcase name="getNumber" time="0.000" classname="test.testNG.CardTest"/>
  <testcase name="isFaceUp" time="0.015" classname="test.testNG.CardTest"/>
  <testcase name="getNumber" time="0.000" classname="test.testNG.CardTest"/>
  <testcase name="getSuit" time="0.000" classname="test.testNG.CardTest"/>
  <testcase name="isHighlighted" time="0.016" classname="test.testNG.CardTest"/>
  <testcase name="color" time="0.000" classname="test.testNG.CardTest"/>
  <testcase name="isFaceUp" time="0.016" classname="test.testNG.CardTest"/>
  <testcase name="isValidSuit" time="0.000" classname="test.testNG.CardTest"/>
  <testcase name="getNumber" time="0.000" classname="test.testNG.CardTest"/>
  <testcase name="color" time="0.015" classname="test.testNG.CardTest"/>
  <testcase name="isFaceUp" time="0.000" classname="test.testNG.CardTest"/>
  <testcase name="isHighlighted" time="0.000" classname="test.testNG.CardTest"/>
  <testcase name="getNumber" time="0.000" classname="test.testNG.CardTest"/>
  <testcase name="color" time="0.000" classname="test.testNG.CardTest"/>
  <testcase name="isValidSuit" time="0.000" classname="test.testNG.CardTest"/>
  <testcase name="getSuit" time="0.000" classname="test.testNG.CardTest"/>
  <testcase name="equals" time="0.016" classname="test.testNG.CardTest"/>
  <testcase name="isHighlighted" time="0.016" classname="test.testNG.CardTest"/>
  <testcase name="isHighlighted" time="0.000" classname="test.testNG.CardTest"/>
  <testcase name="isHighlighted" time="0.000" classname="test.testNG.CardTest"/>
  <testcase name="getSuit" time="0.000" classname="test.testNG.CardTest"/>
  <testcase name="isFaceUp" time="0.000" classname="test.testNG.CardTest"/>
  <testcase name="equals" time="0.016" classname="test.testNG.CardTest"/>
  <testcase name="getNumber" time="0.000" classname="test.testNG.CardTest"/>
  <testcase name="isValidSuit" time="0.000" classname="test.testNG.CardTest"/>
  <testcase name="color" time="0.000" classname="test.testNG.CardTest"/>
  <testcase name="isValidSuit" time="0.000" classname="test.testNG.CardTest"/>
  <testcase name="isValidSuit" time="0.015" classname="test.testNG.CardTest"/>
  <testcase name="equals" time="0.000" classname="test.testNG.CardTest"/>
  <testcase name="equals" time="0.016" classname="test.testNG.CardTest"/>
  <testcase name="isValidSuit" time="0.000" classname="test.testNG.CardTest"/>
  <testcase name="color" time="0.000" classname="test.testNG.CardTest"/>
  <testcase name="getSuit" time="0.000" classname="test.testNG.CardTest"/>
  <testcase name="isFaceUp" time="0.016" classname="test.testNG.CardTest"/>
  <testcase name="isHighlighted" time="0.000" classname="test.testNG.CardTest"/>
  <testcase name="isValidSuit" time="0.000" classname="test.testNG.CardTest"/>
  <testcase name="getNumber" time="0.000" classname="test.testNG.CardTest"/>
  <testcase name="isHighlighted" time="0.000" classname="test.testNG.CardTest"/>
  <testcase name="getSuit" time="0.000" classname="test.testNG.CardTest"/>
  <testcase name="getNumber" time="0.000" classname="test.testNG.CardTest"/>
  <testcase name="isValidSuit" time="0.000" classname="test.testNG.CardTest"/>
  <testcase name="equals" time="0.016" classname="test.testNG.CardTest"/>
  <testcase name="isHighlighted" time="0.000" classname="test.testNG.CardTest"/>
  <testcase name="equals" time="0.000" classname="test.testNG.CardTest"/>
  <testcase name="isValidSuit" time="0.000" classname="test.testNG.CardTest"/>
  <testcase name="getNumber" time="0.000" classname="test.testNG.CardTest"/>
  <testcase name="color" time="0.000" classname="test.testNG.CardTest"/>
  <testcase name="isFaceUp" time="0.000" classname="test.testNG.CardTest"/>
  <testcase name="isValidSuit" time="0.000" classname="test.testNG.CardTest"/>
  <testcase name="getSuit" time="0.000" classname="test.testNG.CardTest"/>
  <testcase name="isFaceUp" time="0.000" classname="test.testNG.CardTest"/>
  <testcase name="getNumber" time="0.000" classname="test.testNG.CardTest"/>
  <testcase name="color" time="0.000" classname="test.testNG.CardTest"/>
  <testcase name="equals" time="0.015" classname="test.testNG.CardTest"/>
  <testcase name="getSuit" time="0.000" classname="test.testNG.CardTest"/>
  <testcase name="isValidSuit" time="0.000" classname="test.testNG.CardTest"/>
  <testcase name="equals" time="0.000" classname="test.testNG.CardTest"/>
  <testcase name="isFaceUp" time="0.015" classname="test.testNG.CardTest"/>
  <testcase name="isFaceUp" time="0.016" classname="test.testNG.CardTest"/>
  <testcase name="isHighlighted" time="0.015" classname="test.testNG.CardTest"/>
  <testcase name="equals" time="0.015" classname="test.testNG.CardTest"/>
  <testcase name="isFaceUp" time="0.016" classname="test.testNG.CardTest"/>
  <testcase name="getNumber" time="0.000" classname="test.testNG.CardTest"/>
  <testcase name="isFaceUp" time="0.016" classname="test.testNG.CardTest"/>
  <testcase name="isValidSuit" time="0.000" classname="test.testNG.CardTest"/>
  <testcase name="isValidSuit" time="0.000" classname="test.testNG.CardTest"/>
  <testcase name="getNumber" time="0.000" classname="test.testNG.CardTest"/>
  <testcase name="color" time="0.000" classname="test.testNG.CardTest"/>
  <testcase name="getNumber" time="0.000" classname="test.testNG.CardTest"/>
  <testcase name="isFaceUp" time="0.015" classname="test.testNG.CardTest"/>
  <testcase name="getNumber" time="0.000" classname="test.testNG.CardTest"/>
  <testcase name="isValidSuit" time="0.000" classname="test.testNG.CardTest"/>
  <testcase name="color" time="0.000" classname="test.testNG.CardTest"/>
  <testcase name="getSuit" time="0.000" classname="test.testNG.CardTest"/>
  <testcase name="getSuit" time="0.000" classname="test.testNG.CardTest"/>
  <testcase name="getSuit" time="0.000" classname="test.testNG.CardTest"/>
  <testcase name="getSuit" time="0.000" classname="test.testNG.CardTest"/>
  <testcase name="color" time="0.000" classname="test.testNG.CardTest"/>
  <testcase name="isValidSuit" time="0.000" classname="test.testNG.CardTest"/>
  <testcase name="color" time="0.000" classname="test.testNG.CardTest"/>
  <testcase name="equals" time="0.016" classname="test.testNG.CardTest"/>
  <testcase name="getSuit" time="0.000" classname="test.testNG.CardTest"/>
  <testcase name="getSuit" time="0.000" classname="test.testNG.CardTest"/>
  <testcase name="getNumber" time="0.000" classname="test.testNG.CardTest"/>
  <testcase name="color" time="0.000" classname="test.testNG.CardTest"/>
  <testcase name="equals" time="0.000" classname="test.testNG.CardTest"/>
  <testcase name="getNumber" time="0.000" classname="test.testNG.CardTest"/>
  <testcase name="isHighlighted" time="0.015" classname="test.testNG.CardTest"/>
  <testcase name="getSuit" time="0.000" classname="test.testNG.CardTest"/>
  <testcase name="getSuit" time="0.000" classname="test.testNG.CardTest"/>
  <testcase name="equals" time="0.000" classname="test.testNG.CardTest"/>
  <testcase name="isHighlighted" time="0.000" classname="test.testNG.CardTest"/>
  <testcase name="getNumber" time="0.000" classname="test.testNG.CardTest"/>
  <testcase name="isValidSuit" time="0.000" classname="test.testNG.CardTest"/>
  <testcase name="color" time="0.000" classname="test.testNG.CardTest"/>
  <testcase name="isValidSuit" time="0.000" classname="test.testNG.CardTest"/>
  <testcase name="getSuit" time="0.000" classname="test.testNG.CardTest"/>
  <testcase name="getNumber" time="0.000" classname="test.testNG.CardTest"/>
  <testcase name="isHighlighted" time="0.000" classname="test.testNG.CardTest"/>
  <testcase name="getSuit" time="0.000" classname="test.testNG.CardTest"/>
  <testcase name="equals" time="0.000" classname="test.testNG.CardTest"/>
  <testcase name="getNumber" time="0.000" classname="test.testNG.CardTest"/>
  <testcase name="isHighlighted" time="0.000" classname="test.testNG.CardTest"/>
  <testcase name="getSuit" time="0.000" classname="test.testNG.CardTest"/>
  <testcase name="color" time="0.000" classname="test.testNG.CardTest"/>
  <testcase name="getNumber" time="0.000" classname="test.testNG.CardTest"/>
  <testcase name="isValidSuit" time="0.000" classname="test.testNG.CardTest"/>
  <testcase name="equals" time="0.000" classname="test.testNG.CardTest"/>
  <testcase name="color" time="0.000" classname="test.testNG.CardTest"/>
  <testcase name="color" time="0.000" classname="test.testNG.CardTest"/>
  <testcase name="color" time="0.000" classname="test.testNG.CardTest"/>
  <testcase name="isValidSuit" time="0.000" classname="test.testNG.CardTest"/>
  <testcase name="equals" time="0.016" classname="test.testNG.CardTest"/>
  <testcase name="equals" time="0.016" classname="test.testNG.CardTest"/>
  <testcase name="isHighlighted" time="0.015" classname="test.testNG.CardTest"/>
  <testcase name="isValidSuit" time="0.000" classname="test.testNG.CardTest"/>
  <testcase name="equals" time="0.031" classname="test.testNG.CardTest"/>
  <testcase name="getSuit" time="0.000" classname="test.testNG.CardTest"/>
  <testcase name="getSuit" time="0.000" classname="test.testNG.CardTest"/>
  <testcase name="isFaceUp" time="0.000" classname="test.testNG.CardTest"/>
  <testcase name="isHighlighted" time="0.015" classname="test.testNG.CardTest"/>
  <testcase name="color" time="0.000" classname="test.testNG.CardTest"/>
  <testcase name="color" time="0.000" classname="test.testNG.CardTest"/>
  <testcase name="color" time="0.000" classname="test.testNG.CardTest"/>
  <testcase name="equals" time="0.015" classname="test.testNG.CardTest"/>
  <testcase name="isValidSuit" time="0.000" classname="test.testNG.CardTest"/>
  <testcase name="isValidSuit" time="0.000" classname="test.testNG.CardTest"/>
  <testcase name="isHighlighted" time="0.016" classname="test.testNG.CardTest"/>
  <testcase name="getSuit" time="0.031" classname="test.testNG.CardTest"/>
  <testcase name="isHighlighted" time="0.016" classname="test.testNG.CardTest"/>
  <testcase name="isValidSuit" time="0.000" classname="test.testNG.CardTest"/>
  <testcase name="isValidSuit" time="0.000" classname="test.testNG.CardTest"/>
  <testcase name="getSuit" time="0.000" classname="test.testNG.CardTest"/>
  <testcase name="isFaceUp" time="0.000" classname="test.testNG.CardTest"/>
  <testcase name="equals" time="0.000" classname="test.testNG.CardTest"/>
  <testcase name="color" time="0.000" classname="test.testNG.CardTest"/>
  <testcase name="equals" time="0.000" classname="test.testNG.CardTest"/>
  <testcase name="equals" time="0.000" classname="test.testNG.CardTest"/>
  <testcase name="isFaceUp" time="0.000" classname="test.testNG.CardTest"/>
  <testcase name="isFaceUp" time="0.000" classname="test.testNG.CardTest"/>
  <testcase name="equals" time="0.000" classname="test.testNG.CardTest"/>
  <testcase name="getNumber" time="0.000" classname="test.testNG.CardTest"/>
  <testcase name="equals" time="0.000" classname="test.testNG.CardTest"/>
  <testcase name="isHighlighted" time="0.000" classname="test.testNG.CardTest"/>
  <testcase name="getSuit" time="0.000" classname="test.testNG.CardTest"/>
  <testcase name="color" time="0.000" classname="test.testNG.CardTest"/>
  <testcase name="equals" time="0.015" classname="test.testNG.CardTest"/>
  <testcase name="color" time="0.000" classname="test.testNG.CardTest"/>
  <testcase name="color" time="0.000" classname="test.testNG.CardTest"/>
  <testcase name="equals" time="0.016" classname="test.testNG.CardTest"/>
  <testcase name="isHighlighted" time="0.000" classname="test.testNG.CardTest"/>
  <testcase name="isHighlighted" time="0.000" classname="test.testNG.CardTest"/>
  <testcase name="getNumber" time="0.000" classname="test.testNG.CardTest"/>
  <testcase name="isValidSuit" time="0.000" classname="test.testNG.CardTest"/>
  <testcase name="getNumber" time="0.000" classname="test.testNG.CardTest"/>
  <testcase name="isHighlighted" time="0.015" classname="test.testNG.CardTest"/>
  <testcase name="getNumber" time="0.000" classname="test.testNG.CardTest"/>
  <testcase name="getNumber" time="0.000" classname="test.testNG.CardTest"/>
  <testcase name="getNumber" time="0.000" classname="test.testNG.CardTest"/>
  <testcase name="getSuit" time="0.000" classname="test.testNG.CardTest"/>
  <testcase name="equals" time="0.015" classname="test.testNG.CardTest"/>
  <testcase name="getNumber" time="0.000" classname="test.testNG.CardTest"/>
  <testcase name="isFaceUp" time="0.000" classname="test.testNG.CardTest"/>
  <testcase name="getSuit" time="0.000" classname="test.testNG.CardTest"/>
  <testcase name="isFaceUp" time="0.000" classname="test.testNG.CardTest"/>
  <testcase name="equals" time="0.000" classname="test.testNG.CardTest"/>
  <testcase name="isFaceUp" time="0.000" classname="test.testNG.CardTest"/>
  <testcase name="equals" time="0.016" classname="test.testNG.CardTest"/>
  <testcase name="getNumber" time="0.000" classname="test.testNG.CardTest"/>
  <testcase name="equals" time="0.000" classname="test.testNG.CardTest"/>
  <testcase name="getSuit" time="0.000" classname="test.testNG.CardTest"/>
  <testcase name="getNumber" time="0.000" classname="test.testNG.CardTest"/>
  <testcase name="getSuit" time="0.000" classname="test.testNG.CardTest"/>
  <testcase name="isHighlighted" time="0.000" classname="test.testNG.CardTest"/>
  <testcase name="isHighlighted" time="0.000" classname="test.testNG.CardTest"/>
  <testcase name="getNumber" time="0.000" classname="test.testNG.CardTest"/>
  <testcase name="equals" time="0.000" classname="test.testNG.CardTest"/>
  <testcase name="equals" time="0.000" classname="test.testNG.CardTest"/>
  <testcase name="isFaceUp" time="0.016" classname="test.testNG.CardTest"/>
  <testcase name="equals" time="0.000" classname="test.testNG.CardTest"/>
  <testcase name="getNumber" time="0.000" classname="test.testNG.CardTest"/>
  <testcase name="equals" time="0.000" classname="test.testNG.CardTest"/>
  <testcase name="getSuit" time="0.000" classname="test.testNG.CardTest"/>
  <testcase name="isHighlighted" time="0.016" classname="test.testNG.CardTest"/>
  <testcase name="color" time="0.000" classname="test.testNG.CardTest"/>
  <testcase name="getSuit" time="0.000" classname="test.testNG.CardTest"/>
  <testcase name="isHighlighted" time="0.000" classname="test.testNG.CardTest"/>
  <testcase name="equals" time="0.016" classname="test.testNG.CardTest"/>
  <testcase name="getNumber" time="0.000" classname="test.testNG.CardTest"/>
  <testcase name="getNumber" time="0.000" classname="test.testNG.CardTest"/>
  <testcase name="equals" time="0.000" classname="test.testNG.CardTest"/>
  <testcase name="getSuit" time="0.000" classname="test.testNG.CardTest"/>
  <testcase name="isFaceUp" time="0.000" classname="test.testNG.CardTest"/>
  <testcase name="isValidSuit" time="0.000" classname="test.testNG.CardTest"/>
  <testcase name="getSuit" time="0.000" classname="test.testNG.CardTest"/>
  <testcase name="equals" time="0.000" classname="test.testNG.CardTest"/>
  <testcase name="isHighlighted" time="0.000" classname="test.testNG.CardTest"/>
  <testcase name="isFaceUp" time="0.000" classname="test.testNG.CardTest"/>
  <testcase name="getNumber" time="0.000" classname="test.testNG.CardTest"/>
  <testcase name="equals" time="0.000" classname="test.testNG.CardTest"/>
  <testcase name="color" time="0.015" classname="test.testNG.CardTest"/>
  <testcase name="isHighlighted" time="0.000" classname="test.testNG.CardTest"/>
  <testcase name="color" time="0.000" classname="test.testNG.CardTest"/>
  <testcase name="equals" time="0.000" classname="test.testNG.CardTest"/>
  <testcase name="isHighlighted" time="0.000" classname="test.testNG.CardTest"/>
  <testcase name="isValidSuit" time="0.000" classname="test.testNG.CardTest"/>
  <testcase name="isFaceUp" time="0.000" classname="test.testNG.CardTest"/>
  <testcase name="color" time="0.000" classname="test.testNG.CardTest"/>
  <testcase name="color" time="0.000" classname="test.testNG.CardTest"/>
  <testcase name="equals" time="0.000" classname="test.testNG.CardTest"/>
  <testcase name="isFaceUp" time="0.000" classname="test.testNG.CardTest"/>
  <testcase name="isFaceUp" time="0.015" classname="test.testNG.CardTest"/>
  <testcase name="isHighlighted" time="0.000" classname="test.testNG.CardTest"/>
  <testcase name="color" time="0.000" classname="test.testNG.CardTest"/>
  <testcase name="isFaceUp" time="0.015" classname="test.testNG.CardTest"/>
  <testcase name="isHighlighted" time="0.016" classname="test.testNG.CardTest"/>
  <testcase name="isFaceUp" time="0.000" classname="test.testNG.CardTest"/>
  <testcase name="isFaceUp" time="0.000" classname="test.testNG.CardTest"/>
  <testcase name="isValidSuit" time="0.000" classname="test.testNG.CardTest"/>
  <testcase name="equals" time="0.000" classname="test.testNG.CardTest"/>
  <testcase name="equals" time="0.000" classname="test.testNG.CardTest"/>
  <testcase name="color" time="0.000" classname="test.testNG.CardTest"/>
  <testcase name="color" time="0.016" classname="test.testNG.CardTest"/>
  <testcase name="isValidSuit" time="0.000" classname="test.testNG.CardTest"/>
  <testcase name="getNumber" time="0.000" classname="test.testNG.CardTest"/>
  <testcase name="getNumber" time="0.000" classname="test.testNG.CardTest"/>
  <testcase name="isValidSuit" time="0.000" classname="test.testNG.CardTest"/>
  <testcase name="color" time="0.000" classname="test.testNG.CardTest"/>
  <testcase name="color" time="0.000" classname="test.testNG.CardTest"/>
  <testcase name="getSuit" time="0.000" classname="test.testNG.CardTest"/>
  <testcase name="isFaceUp" time="0.000" classname="test.testNG.CardTest"/>
  <testcase name="isHighlighted" time="0.016" classname="test.testNG.CardTest"/>
  <testcase name="getSuit" time="0.000" classname="test.testNG.CardTest"/>
  <testcase name="equals" time="0.015" classname="test.testNG.CardTest"/>
  <testcase name="getSuit" time="0.000" classname="test.testNG.CardTest"/>
  <testcase name="isFaceUp" time="0.000" classname="test.testNG.CardTest"/>
  <testcase name="isFaceUp" time="0.000" classname="test.testNG.CardTest"/>
  <testcase name="color" time="0.000" classname="test.testNG.CardTest"/>
  <testcase name="isHighlighted" time="0.000" classname="test.testNG.CardTest"/>
  <testcase name="isHighlighted" time="0.000" classname="test.testNG.CardTest"/>
  <testcase name="color" time="0.000" classname="test.testNG.CardTest"/>
  <testcase name="isFaceUp" time="0.000" classname="test.testNG.CardTest"/>
  <testcase name="isValidSuit" time="0.000" classname="test.testNG.CardTest"/>
  <testcase name="isFaceUp" time="0.000" classname="test.testNG.CardTest"/>
  <testcase name="equals" time="0.000" classname="test.testNG.CardTest"/>
  <testcase name="getSuit" time="0.000" classname="test.testNG.CardTest"/>
  <testcase name="color" time="0.000" classname="test.testNG.CardTest"/>
  <testcase name="isFaceUp" time="0.000" classname="test.testNG.CardTest"/>
  <testcase name="isHighlighted" time="0.015" classname="test.testNG.CardTest"/>
  <testcase name="isFaceUp" time="0.016" classname="test.testNG.CardTest"/>
  <testcase name="isFaceUp" time="0.000" classname="test.testNG.CardTest"/>
  <testcase name="isHighlighted" time="0.016" classname="test.testNG.CardTest"/>
  <testcase name="getNumber" time="0.000" classname="test.testNG.CardTest"/>
  <testcase name="isFaceUp" time="0.016" classname="test.testNG.CardTest"/>
  <testcase name="getNumber" time="0.000" classname="test.testNG.CardTest"/>
  <testcase name="isHighlighted" time="0.015" classname="test.testNG.CardTest"/>
  <testcase name="isFaceUp" time="0.000" classname="test.testNG.CardTest"/>
  <testcase name="getNumber" time="0.000" classname="test.testNG.CardTest"/>
  <testcase name="isFaceUp" time="0.000" classname="test.testNG.CardTest"/>
  <testcase name="isValidSuit" time="0.000" classname="test.testNG.CardTest"/>
  <testcase name="getSuit" time="0.000" classname="test.testNG.CardTest"/>
  <testcase name="isFaceUp" time="0.015" classname="test.testNG.CardTest"/>
  <testcase name="isFaceUp" time="0.016" classname="test.testNG.CardTest"/>
  <testcase name="isFaceUp" time="0.015" classname="test.testNG.CardTest"/>
  <testcase name="getNumber" time="0.015" classname="test.testNG.CardTest"/>
  <testcase name="equals" time="0.000" classname="test.testNG.CardTest"/>
  <testcase name="getSuit" time="0.000" classname="test.testNG.CardTest"/>
  <testcase name="isValidSuit" time="0.000" classname="test.testNG.CardTest"/>
  <testcase name="getNumber" time="0.000" classname="test.testNG.CardTest"/>
  <testcase name="equals" time="0.000" classname="test.testNG.CardTest"/>
  <testcase name="isFaceUp" time="0.000" classname="test.testNG.CardTest"/>
  <testcase name="equals" time="0.000" classname="test.testNG.CardTest"/>
  <testcase name="isValidSuit" time="0.000" classname="test.testNG.CardTest"/>
  <testcase name="isValidSuit" time="0.000" classname="test.testNG.CardTest"/>
  <testcase name="getNumber" time="0.000" classname="test.testNG.CardTest"/>
  <testcase name="getSuit" time="0.016" classname="test.testNG.CardTest"/>
  <testcase name="color" time="0.000" classname="test.testNG.CardTest"/>
  <testcase name="color" time="0.000" classname="test.testNG.CardTest"/>
  <testcase name="getNumber" time="0.000" classname="test.testNG.CardTest"/>
  <testcase name="isHighlighted" time="0.016" classname="test.testNG.CardTest"/>
  <testcase name="equals" time="0.000" classname="test.testNG.CardTest"/>
  <testcase name="getNumber" time="0.000" classname="test.testNG.CardTest"/>
  <testcase name="isValidSuit" time="0.000" classname="test.testNG.CardTest"/>
  <testcase name="color" time="0.000" classname="test.testNG.CardTest"/>
  <testcase name="isValidSuit" time="0.000" classname="test.testNG.CardTest"/>
  <testcase name="isValidSuit" time="0.000" classname="test.testNG.CardTest"/>
  <testcase name="getSuit" time="0.000" classname="test.testNG.CardTest"/>
  <testcase name="getSuit" time="0.000" classname="test.testNG.CardTest"/>
  <testcase name="color" time="0.000" classname="test.testNG.CardTest"/>
  <testcase name="getNumber" time="0.000" classname="test.testNG.CardTest"/>
  <testcase name="isHighlighted" time="0.000" classname="test.testNG.CardTest"/>
  <testcase name="isValidSuit" time="0.000" classname="test.testNG.CardTest"/>
  <testcase name="isValidSuit" time="0.000" classname="test.testNG.CardTest"/>
  <testcase name="isValidSuit" time="0.000" classname="test.testNG.CardTest"/>
  <testcase name="getNumber" time="0.000" classname="test.testNG.CardTest"/>
  <testcase name="isFaceUp" time="0.000" classname="test.testNG.CardTest"/>
  <testcase name="equals" time="0.016" classname="test.testNG.CardTest"/>
  <testcase name="isHighlighted" time="0.016" classname="test.testNG.CardTest"/>
  <testcase name="isFaceUp" time="0.000" classname="test.testNG.CardTest"/>
  <testcase name="isHighlighted" time="0.000" classname="test.testNG.CardTest"/>
  <testcase name="getSuit" time="0.000" classname="test.testNG.CardTest"/>
  <testcase name="color" time="0.000" classname="test.testNG.CardTest"/>
  <testcase name="isValidSuit" time="0.000" classname="test.testNG.CardTest"/>
  <testcase name="color" time="0.000" classname="test.testNG.CardTest"/>
  <testcase name="getSuit" time="0.000" classname="test.testNG.CardTest"/>
  <testcase name="getSuit" time="0.000" classname="test.testNG.CardTest"/>
  <testcase name="getSuit" time="0.000" classname="test.testNG.CardTest"/>
  <testcase name="getSuit" time="0.000" classname="test.testNG.CardTest"/>
  <testcase name="getSuit" time="0.000" classname="test.testNG.CardTest"/>
  <testcase name="isValidSuit" time="0.000" classname="test.testNG.CardTest"/>
  <testcase name="equals" time="0.015" classname="test.testNG.CardTest"/>
  <testcase name="isHighlighted" time="0.015" classname="test.testNG.CardTest"/>
  <testcase name="getSuit" time="0.000" classname="test.testNG.CardTest"/>
  <testcase name="isHighlighted" time="0.016" classname="test.testNG.CardTest"/>
  <testcase name="isFaceUp" time="0.015" classname="test.testNG.CardTest"/>
  <testcase name="isValidSuit" time="0.000" classname="test.testNG.CardTest"/>
  <testcase name="color" time="0.000" classname="test.testNG.CardTest"/>
  <testcase name="getNumber" time="0.000" classname="test.testNG.CardTest"/>
  <testcase name="isHighlighted" time="0.000" classname="test.testNG.CardTest"/>
  <testcase name="isValidSuit" time="0.000" classname="test.testNG.CardTest"/>
  <testcase name="color" time="0.000" classname="test.testNG.CardTest"/>
  <testcase name="isValidSuit" time="0.000" classname="test.testNG.CardTest"/>
  <testcase name="isHighlighted" time="0.000" classname="test.testNG.CardTest"/>
  <testcase name="color" time="0.000" classname="test.testNG.CardTest"/>
  <testcase name="isHighlighted" time="0.000" classname="test.testNG.CardTest"/>
  <testcase name="isValidSuit" time="0.000" classname="test.testNG.CardTest"/>
  <testcase name="isHighlighted" time="0.016" classname="test.testNG.CardTest"/>
  <testcase name="getNumber" time="0.000" classname="test.testNG.CardTest"/>
  <testcase name="color" time="0.000" classname="test.testNG.CardTest"/>
  <testcase name="getSuit" time="0.000" classname="test.testNG.CardTest"/>
  <testcase name="getSuit" time="0.000" classname="test.testNG.CardTest"/>
  <testcase name="isHighlighted" time="0.000" classname="test.testNG.CardTest"/>
  <testcase name="equals" time="0.000" classname="test.testNG.CardTest"/>
  <testcase name="isHighlighted" time="0.000" classname="test.testNG.CardTest"/>
  <testcase name="equals" time="0.015" classname="test.testNG.CardTest"/>
  <testcase name="getSuit" time="0.000" classname="test.testNG.CardTest"/>
  <testcase name="isHighlighted" time="0.000" classname="test.testNG.CardTest"/>
  <testcase name="isHighlighted" time="0.000" classname="test.testNG.CardTest"/>
  <testcase name="isFaceUp" time="0.000" classname="test.testNG.CardTest"/>
  <testcase name="getSuit" time="0.000" classname="test.testNG.CardTest"/>
  <testcase name="isValidSuit" time="0.000" classname="test.testNG.CardTest"/>
  <testcase name="isFaceUp" time="0.000" classname="test.testNG.CardTest"/>
  <testcase name="isValidSuit" time="0.000" classname="test.testNG.CardTest"/>
  <testcase name="color" time="0.000" classname="test.testNG.CardTest"/>
  <testcase name="isFaceUp" time="0.016" classname="test.testNG.CardTest"/>
  <testcase name="color" time="0.000" classname="test.testNG.CardTest"/>
  <testcase name="color" time="0.000" classname="test.testNG.CardTest"/>
  <testcase name="getNumber" time="0.000" classname="test.testNG.CardTest"/>
  <testcase name="isHighlighted" time="0.000" classname="test.testNG.CardTest"/>
</testsuite> <!-- test.testNG.CardTest -->
