<?xml version="1.0" encoding="UTF-8"?>
<!-- Generated by org.testng.reporters.JUnitReportReporter -->
<testsuite skipped="0" hostname="joshbresette" name="testNG.DeckTest" tests="3" failures="0" timestamp="27 Apr 2017 19:48:32 GMT" time="0.695" errors="0">
  <testcase name="getDeck" time="0.174" classname="testNG.DeckTest"/>
  <testcase name="shuffle" time="0.179" classname="testNG.DeckTest"/>
  <testcase name="getDeckLinkedListInteger" time="0.342" classname="testNG.DeckTest"/>
</testsuite> <!-- testNG.DeckTest -->
