<?xml version="1.0" encoding="UTF-8"?>
<!-- Generated by org.testng.reporters.JUnitReportReporter -->
<testsuite skipped="0" hostname="joshbresette" name="testNG.CardTest" tests="364" failures="0" timestamp="27 Apr 2017 19:48:32 GMT" time="4.337" errors="0">
  <testcase name="isFaceUp" time="0.002" classname="testNG.CardTest"/>
  <testcase name="isFaceUp" time="0.002" classname="testNG.CardTest"/>
  <testcase name="equals" time="0.001" classname="testNG.CardTest"/>
  <testcase name="getNumber" time="0.003" classname="testNG.CardTest"/>
  <testcase name="getNumber" time="0.001" classname="testNG.CardTest"/>
  <testcase name="getSuit" time="0.003" classname="testNG.CardTest"/>
  <testcase name="equals" time="0.002" classname="testNG.CardTest"/>
  <testcase name="getNumber" time="0.001" classname="testNG.CardTest"/>
  <testcase name="equals" time="0.003" classname="testNG.CardTest"/>
  <testcase name="equals" time="0.004" classname="testNG.CardTest"/>
  <testcase name="color" time="0.001" classname="testNG.CardTest"/>
  <testcase name="color" time="0.001" classname="testNG.CardTest"/>
  <testcase name="isValidSuit" time="0.004" classname="testNG.CardTest"/>
  <testcase name="equals" time="0.002" classname="testNG.CardTest"/>
  <testcase name="getNumber" time="0.002" classname="testNG.CardTest"/>
  <testcase name="color" time="0.004" classname="testNG.CardTest"/>
  <testcase name="equals" time="0.002" classname="testNG.CardTest"/>
  <testcase name="color" time="0.099" classname="testNG.CardTest"/>
  <testcase name="isFaceUp" time="0.076" classname="testNG.CardTest"/>
  <testcase name="color" time="0.003" classname="testNG.CardTest"/>
  <testcase name="isFaceUp" time="0.002" classname="testNG.CardTest"/>
  <testcase name="getNumber" time="0.070" classname="testNG.CardTest"/>
  <testcase name="isHighlighted" time="0.010" classname="testNG.CardTest"/>
  <testcase name="isFaceUp" time="0.002" classname="testNG.CardTest"/>
  <testcase name="equals" time="0.001" classname="testNG.CardTest"/>
  <testcase name="equals" time="0.001" classname="testNG.CardTest"/>
  <testcase name="getSuit" time="0.002" classname="testNG.CardTest"/>
  <testcase name="equals" time="0.003" classname="testNG.CardTest"/>
  <testcase name="getNumber" time="0.003" classname="testNG.CardTest"/>
  <testcase name="getSuit" time="0.005" classname="testNG.CardTest"/>
  <testcase name="isFaceUp" time="0.002" classname="testNG.CardTest"/>
  <testcase name="isValidSuit" time="0.005" classname="testNG.CardTest"/>
  <testcase name="getSuit" time="0.001" classname="testNG.CardTest"/>
  <testcase name="getSuit" time="0.001" classname="testNG.CardTest"/>
  <testcase name="getSuit" time="0.001" classname="testNG.CardTest"/>
  <testcase name="color" time="0.005" classname="testNG.CardTest"/>
  <testcase name="isHighlighted" time="0.002" classname="testNG.CardTest"/>
  <testcase name="isHighlighted" time="0.002" classname="testNG.CardTest"/>
  <testcase name="isValidSuit" time="0.002" classname="testNG.CardTest"/>
  <testcase name="getNumber" time="0.006" classname="testNG.CardTest"/>
  <testcase name="getSuit" time="0.001" classname="testNG.CardTest"/>
  <testcase name="color" time="0.001" classname="testNG.CardTest"/>
  <testcase name="isHighlighted" time="0.008" classname="testNG.CardTest"/>
  <testcase name="isValidSuit" time="0.059" classname="testNG.CardTest"/>
  <testcase name="getSuit" time="0.002" classname="testNG.CardTest"/>
  <testcase name="getNumber" time="0.003" classname="testNG.CardTest"/>
  <testcase name="getNumber" time="0.001" classname="testNG.CardTest"/>
  <testcase name="isValidSuit" time="0.002" classname="testNG.CardTest"/>
  <testcase name="equals" time="0.122" classname="testNG.CardTest"/>
  <testcase name="color" time="0.005" classname="testNG.CardTest"/>
  <testcase name="equals" time="0.004" classname="testNG.CardTest"/>
  <testcase name="getSuit" time="0.002" classname="testNG.CardTest"/>
  <testcase name="getSuit" time="0.005" classname="testNG.CardTest"/>
  <testcase name="getSuit" time="0.001" classname="testNG.CardTest"/>
  <testcase name="color" time="0.002" classname="testNG.CardTest"/>
  <testcase name="color" time="0.003" classname="testNG.CardTest"/>
  <testcase name="getSuit" time="0.001" classname="testNG.CardTest"/>
  <testcase name="isHighlighted" time="0.002" classname="testNG.CardTest"/>
  <testcase name="isHighlighted" time="0.004" classname="testNG.CardTest"/>
  <testcase name="isValidSuit" time="0.001" classname="testNG.CardTest"/>
  <testcase name="isFaceUp" time="0.002" classname="testNG.CardTest"/>
  <testcase name="isValidSuit" time="0.001" classname="testNG.CardTest"/>
  <testcase name="isValidSuit" time="0.004" classname="testNG.CardTest"/>
  <testcase name="isValidSuit" time="0.002" classname="testNG.CardTest"/>
  <testcase name="isValidSuit" time="0.091" classname="testNG.CardTest"/>
  <testcase name="equals" time="0.002" classname="testNG.CardTest"/>
  <testcase name="getSuit" time="0.002" classname="testNG.CardTest"/>
  <testcase name="isFaceUp" time="0.002" classname="testNG.CardTest"/>
  <testcase name="isFaceUp" time="0.002" classname="testNG.CardTest"/>
  <testcase name="getSuit" time="0.003" classname="testNG.CardTest"/>
  <testcase name="color" time="0.003" classname="testNG.CardTest"/>
  <testcase name="isFaceUp" time="0.033" classname="testNG.CardTest"/>
  <testcase name="equals" time="0.003" classname="testNG.CardTest"/>
  <testcase name="getSuit" time="0.003" classname="testNG.CardTest"/>
  <testcase name="isFaceUp" time="0.005" classname="testNG.CardTest"/>
  <testcase name="color" time="0.002" classname="testNG.CardTest"/>
  <testcase name="color" time="0.001" classname="testNG.CardTest"/>
  <testcase name="equals" time="0.001" classname="testNG.CardTest"/>
  <testcase name="getNumber" time="0.001" classname="testNG.CardTest"/>
  <testcase name="getSuit" time="0.001" classname="testNG.CardTest"/>
  <testcase name="equals" time="0.003" classname="testNG.CardTest"/>
  <testcase name="getSuit" time="0.001" classname="testNG.CardTest"/>
  <testcase name="isFaceUp" time="0.106" classname="testNG.CardTest"/>
  <testcase name="isFaceUp" time="0.004" classname="testNG.CardTest"/>
  <testcase name="isValidSuit" time="0.007" classname="testNG.CardTest"/>
  <testcase name="isValidSuit" time="0.044" classname="testNG.CardTest"/>
  <testcase name="isHighlighted" time="0.001" classname="testNG.CardTest"/>
  <testcase name="color" time="0.006" classname="testNG.CardTest"/>
  <testcase name="color" time="0.001" classname="testNG.CardTest"/>
  <testcase name="getSuit" time="0.005" classname="testNG.CardTest"/>
  <testcase name="color" time="0.002" classname="testNG.CardTest"/>
  <testcase name="color" time="0.002" classname="testNG.CardTest"/>
  <testcase name="isValidSuit" time="0.003" classname="testNG.CardTest"/>
  <testcase name="equals" time="0.004" classname="testNG.CardTest"/>
  <testcase name="equals" time="0.002" classname="testNG.CardTest"/>
  <testcase name="getNumber" time="0.002" classname="testNG.CardTest"/>
  <testcase name="getSuit" time="0.001" classname="testNG.CardTest"/>
  <testcase name="isHighlighted" time="0.001" classname="testNG.CardTest"/>
  <testcase name="isHighlighted" time="0.006" classname="testNG.CardTest"/>
  <testcase name="getSuit" time="0.002" classname="testNG.CardTest"/>
  <testcase name="getSuit" time="0.003" classname="testNG.CardTest"/>
  <testcase name="isHighlighted" time="0.094" classname="testNG.CardTest"/>
  <testcase name="isFaceUp" time="0.003" classname="testNG.CardTest"/>
  <testcase name="isFaceUp" time="0.003" classname="testNG.CardTest"/>
  <testcase name="isValidSuit" time="0.001" classname="testNG.CardTest"/>
  <testcase name="color" time="0.001" classname="testNG.CardTest"/>
  <testcase name="getSuit" time="0.002" classname="testNG.CardTest"/>
  <testcase name="getSuit" time="0.301" classname="testNG.CardTest"/>
  <testcase name="getSuit" time="0.002" classname="testNG.CardTest"/>
  <testcase name="color" time="0.016" classname="testNG.CardTest"/>
  <testcase name="color" time="0.002" classname="testNG.CardTest"/>
  <testcase name="color" time="0.007" classname="testNG.CardTest"/>
  <testcase name="equals" time="0.002" classname="testNG.CardTest"/>
  <testcase name="isHighlighted" time="0.002" classname="testNG.CardTest"/>
  <testcase name="isValidSuit" time="0.002" classname="testNG.CardTest"/>
  <testcase name="isFaceUp" time="0.003" classname="testNG.CardTest"/>
  <testcase name="isHighlighted" time="0.003" classname="testNG.CardTest"/>
  <testcase name="isHighlighted" time="0.002" classname="testNG.CardTest"/>
  <testcase name="color" time="0.003" classname="testNG.CardTest"/>
  <testcase name="getNumber" time="0.003" classname="testNG.CardTest"/>
  <testcase name="isHighlighted" time="0.005" classname="testNG.CardTest"/>
  <testcase name="color" time="0.003" classname="testNG.CardTest"/>
  <testcase name="equals" time="0.002" classname="testNG.CardTest"/>
  <testcase name="getNumber" time="0.002" classname="testNG.CardTest"/>
  <testcase name="isHighlighted" time="0.002" classname="testNG.CardTest"/>
  <testcase name="color" time="0.007" classname="testNG.CardTest"/>
  <testcase name="isHighlighted" time="0.005" classname="testNG.CardTest"/>
  <testcase name="isHighlighted" time="0.009" classname="testNG.CardTest"/>
  <testcase name="isHighlighted" time="0.003" classname="testNG.CardTest"/>
  <testcase name="isValidSuit" time="0.008" classname="testNG.CardTest"/>
  <testcase name="equals" time="0.002" classname="testNG.CardTest"/>
  <testcase name="color" time="0.003" classname="testNG.CardTest"/>
  <testcase name="isHighlighted" time="0.014" classname="testNG.CardTest"/>
  <testcase name="getNumber" time="0.002" classname="testNG.CardTest"/>
  <testcase name="getNumber" time="0.007" classname="testNG.CardTest"/>
  <testcase name="isValidSuit" time="0.002" classname="testNG.CardTest"/>
  <testcase name="isHighlighted" time="0.006" classname="testNG.CardTest"/>
  <testcase name="isHighlighted" time="0.005" classname="testNG.CardTest"/>
  <testcase name="isFaceUp" time="0.002" classname="testNG.CardTest"/>
  <testcase name="isFaceUp" time="0.001" classname="testNG.CardTest"/>
  <testcase name="isFaceUp" time="0.002" classname="testNG.CardTest"/>
  <testcase name="equals" time="0.002" classname="testNG.CardTest"/>
  <testcase name="getNumber" time="0.002" classname="testNG.CardTest"/>
  <testcase name="equals" time="0.002" classname="testNG.CardTest"/>
  <testcase name="getNumber" time="0.001" classname="testNG.CardTest"/>
  <testcase name="isFaceUp" time="0.006" classname="testNG.CardTest"/>
  <testcase name="isValidSuit" time="0.002" classname="testNG.CardTest"/>
  <testcase name="color" time="0.002" classname="testNG.CardTest"/>
  <testcase name="equals" time="0.002" classname="testNG.CardTest"/>
  <testcase name="isHighlighted" time="0.002" classname="testNG.CardTest"/>
  <testcase name="isValidSuit" time="0.005" classname="testNG.CardTest"/>
  <testcase name="getSuit" time="0.002" classname="testNG.CardTest"/>
  <testcase name="getNumber" time="0.060" classname="testNG.CardTest"/>
  <testcase name="getSuit" time="0.002" classname="testNG.CardTest"/>
  <testcase name="equals" time="0.007" classname="testNG.CardTest"/>
  <testcase name="isHighlighted" time="0.009" classname="testNG.CardTest"/>
  <testcase name="getNumber" time="0.003" classname="testNG.CardTest"/>
  <testcase name="equals" time="0.002" classname="testNG.CardTest"/>
  <testcase name="isFaceUp" time="0.002" classname="testNG.CardTest"/>
  <testcase name="isValidSuit" time="0.002" classname="testNG.CardTest"/>
  <testcase name="getNumber" time="0.003" classname="testNG.CardTest"/>
  <testcase name="isHighlighted" time="0.086" classname="testNG.CardTest"/>
  <testcase name="getSuit" time="0.004" classname="testNG.CardTest"/>
  <testcase name="isFaceUp" time="0.002" classname="testNG.CardTest"/>
  <testcase name="isValidSuit" time="0.002" classname="testNG.CardTest"/>
  <testcase name="isFaceUp" time="0.001" classname="testNG.CardTest"/>
  <testcase name="isValidSuit" time="0.000" classname="testNG.CardTest"/>
  <testcase name="color" time="0.002" classname="testNG.CardTest"/>
  <testcase name="isFaceUp" time="0.004" classname="testNG.CardTest"/>
  <testcase name="isHighlighted" time="0.004" classname="testNG.CardTest"/>
  <testcase name="getSuit" time="0.001" classname="testNG.CardTest"/>
  <testcase name="color" time="0.001" classname="testNG.CardTest"/>
  <testcase name="getSuit" time="0.003" classname="testNG.CardTest"/>
  <testcase name="color" time="0.002" classname="testNG.CardTest"/>
  <testcase name="isValidSuit" time="0.002" classname="testNG.CardTest"/>
  <testcase name="isFaceUp" time="0.002" classname="testNG.CardTest"/>
  <testcase name="isFaceUp" time="0.002" classname="testNG.CardTest"/>
  <testcase name="color" time="0.002" classname="testNG.CardTest"/>
  <testcase name="getNumber" time="0.012" classname="testNG.CardTest"/>
  <testcase name="equals" time="0.006" classname="testNG.CardTest"/>
  <testcase name="isValidSuit" time="0.001" classname="testNG.CardTest"/>
  <testcase name="isValidSuit" time="0.002" classname="testNG.CardTest"/>
  <testcase name="getNumber" time="0.042" classname="testNG.CardTest"/>
  <testcase name="color" time="0.039" classname="testNG.CardTest"/>
  <testcase name="isFaceUp" time="0.014" classname="testNG.CardTest"/>
  <testcase name="equals" time="0.003" classname="testNG.CardTest"/>
  <testcase name="isHighlighted" time="0.007" classname="testNG.CardTest"/>
  <testcase name="getNumber" time="0.005" classname="testNG.CardTest"/>
  <testcase name="isFaceUp" time="0.002" classname="testNG.CardTest"/>
  <testcase name="getNumber" time="0.004" classname="testNG.CardTest"/>
  <testcase name="getNumber" time="0.006" classname="testNG.CardTest"/>
  <testcase name="getSuit" time="0.106" classname="testNG.CardTest"/>
  <testcase name="isFaceUp" time="0.001" classname="testNG.CardTest"/>
  <testcase name="isFaceUp" time="0.003" classname="testNG.CardTest"/>
  <testcase name="getSuit" time="0.005" classname="testNG.CardTest"/>
  <testcase name="getSuit" time="0.005" classname="testNG.CardTest"/>
  <testcase name="isHighlighted" time="0.003" classname="testNG.CardTest"/>
  <testcase name="getSuit" time="0.001" classname="testNG.CardTest"/>
  <testcase name="isFaceUp" time="0.003" classname="testNG.CardTest"/>
  <testcase name="getSuit" time="0.003" classname="testNG.CardTest"/>
  <testcase name="isFaceUp" time="0.001" classname="testNG.CardTest"/>
  <testcase name="color" time="0.002" classname="testNG.CardTest"/>
  <testcase name="getNumber" time="0.004" classname="testNG.CardTest"/>
  <testcase name="equals" time="0.012" classname="testNG.CardTest"/>
  <testcase name="isHighlighted" time="0.002" classname="testNG.CardTest"/>
  <testcase name="getNumber" time="0.005" classname="testNG.CardTest"/>
  <testcase name="isFaceUp" time="0.008" classname="testNG.CardTest"/>
  <testcase name="isFaceUp" time="0.117" classname="testNG.CardTest"/>
  <testcase name="color" time="0.002" classname="testNG.CardTest"/>
  <testcase name="getNumber" time="0.003" classname="testNG.CardTest"/>
  <testcase name="getSuit" time="0.001" classname="testNG.CardTest"/>
  <testcase name="isValidSuit" time="0.002" classname="testNG.CardTest"/>
  <testcase name="isValidSuit" time="0.001" classname="testNG.CardTest"/>
  <testcase name="isValidSuit" time="0.001" classname="testNG.CardTest"/>
  <testcase name="color" time="0.001" classname="testNG.CardTest"/>
  <testcase name="isHighlighted" time="0.004" classname="testNG.CardTest"/>
  <testcase name="isHighlighted" time="0.240" classname="testNG.CardTest"/>
  <testcase name="isValidSuit" time="0.002" classname="testNG.CardTest"/>
  <testcase name="isHighlighted" time="0.005" classname="testNG.CardTest"/>
  <testcase name="getSuit" time="0.002" classname="testNG.CardTest"/>
  <testcase name="isHighlighted" time="0.001" classname="testNG.CardTest"/>
  <testcase name="getSuit" time="0.003" classname="testNG.CardTest"/>
  <testcase name="isFaceUp" time="0.002" classname="testNG.CardTest"/>
  <testcase name="isHighlighted" time="0.006" classname="testNG.CardTest"/>
  <testcase name="equals" time="0.004" classname="testNG.CardTest"/>
  <testcase name="isValidSuit" time="0.001" classname="testNG.CardTest"/>
  <testcase name="isFaceUp" time="0.005" classname="testNG.CardTest"/>
  <testcase name="getNumber" time="0.063" classname="testNG.CardTest"/>
  <testcase name="getSuit" time="0.027" classname="testNG.CardTest"/>
  <testcase name="equals" time="0.001" classname="testNG.CardTest"/>
  <testcase name="getNumber" time="0.002" classname="testNG.CardTest"/>
  <testcase name="isValidSuit" time="0.046" classname="testNG.CardTest"/>
  <testcase name="isValidSuit" time="0.001" classname="testNG.CardTest"/>
  <testcase name="isValidSuit" time="0.001" classname="testNG.CardTest"/>
  <testcase name="isFaceUp" time="0.002" classname="testNG.CardTest"/>
  <testcase name="isValidSuit" time="0.002" classname="testNG.CardTest"/>
  <testcase name="color" time="0.002" classname="testNG.CardTest"/>
  <testcase name="equals" time="0.002" classname="testNG.CardTest"/>
  <testcase name="getSuit" time="0.003" classname="testNG.CardTest"/>
  <testcase name="equals" time="0.008" classname="testNG.CardTest"/>
  <testcase name="getSuit" time="0.003" classname="testNG.CardTest"/>
  <testcase name="isHighlighted" time="0.005" classname="testNG.CardTest"/>
  <testcase name="getNumber" time="0.002" classname="testNG.CardTest"/>
  <testcase name="isHighlighted" time="0.002" classname="testNG.CardTest"/>
  <testcase name="isHighlighted" time="0.002" classname="testNG.CardTest"/>
  <testcase name="equals" time="0.025" classname="testNG.CardTest"/>
  <testcase name="isFaceUp" time="0.004" classname="testNG.CardTest"/>
  <testcase name="isFaceUp" time="0.002" classname="testNG.CardTest"/>
  <testcase name="isValidSuit" time="0.002" classname="testNG.CardTest"/>
  <testcase name="isValidSuit" time="0.005" classname="testNG.CardTest"/>
  <testcase name="isValidSuit" time="0.001" classname="testNG.CardTest"/>
  <testcase name="equals" time="0.001" classname="testNG.CardTest"/>
  <testcase name="isFaceUp" time="0.009" classname="testNG.CardTest"/>
  <testcase name="isHighlighted" time="0.003" classname="testNG.CardTest"/>
  <testcase name="color" time="0.004" classname="testNG.CardTest"/>
  <testcase name="equals" time="0.002" classname="testNG.CardTest"/>
  <testcase name="isFaceUp" time="0.002" classname="testNG.CardTest"/>
  <testcase name="color" time="0.002" classname="testNG.CardTest"/>
  <testcase name="isValidSuit" time="0.001" classname="testNG.CardTest"/>
  <testcase name="getNumber" time="0.002" classname="testNG.CardTest"/>
  <testcase name="getNumber" time="0.002" classname="testNG.CardTest"/>
  <testcase name="getNumber" time="0.002" classname="testNG.CardTest"/>
  <testcase name="getSuit" time="0.004" classname="testNG.CardTest"/>
  <testcase name="isFaceUp" time="0.002" classname="testNG.CardTest"/>
  <testcase name="isFaceUp" time="0.002" classname="testNG.CardTest"/>
  <testcase name="color" time="0.055" classname="testNG.CardTest"/>
  <testcase name="isValidSuit" time="0.003" classname="testNG.CardTest"/>
  <testcase name="equals" time="0.003" classname="testNG.CardTest"/>
  <testcase name="color" time="0.018" classname="testNG.CardTest"/>
  <testcase name="isHighlighted" time="0.005" classname="testNG.CardTest"/>
  <testcase name="getSuit" time="0.002" classname="testNG.CardTest"/>
  <testcase name="color" time="0.050" classname="testNG.CardTest"/>
  <testcase name="isHighlighted" time="0.004" classname="testNG.CardTest"/>
  <testcase name="isHighlighted" time="0.008" classname="testNG.CardTest"/>
  <testcase name="equals" time="0.002" classname="testNG.CardTest"/>
  <testcase name="getNumber" time="0.002" classname="testNG.CardTest"/>
  <testcase name="getSuit" time="0.001" classname="testNG.CardTest"/>
  <testcase name="equals" time="0.002" classname="testNG.CardTest"/>
  <testcase name="getNumber" time="0.002" classname="testNG.CardTest"/>
  <testcase name="isFaceUp" time="0.003" classname="testNG.CardTest"/>
  <testcase name="isHighlighted" time="0.002" classname="testNG.CardTest"/>
  <testcase name="getNumber" time="0.002" classname="testNG.CardTest"/>
  <testcase name="getNumber" time="0.649" classname="testNG.CardTest"/>
  <testcase name="isValidSuit" time="0.005" classname="testNG.CardTest"/>
  <testcase name="color" time="0.002" classname="testNG.CardTest"/>
  <testcase name="isHighlighted" time="0.002" classname="testNG.CardTest"/>
  <testcase name="isHighlighted" time="0.006" classname="testNG.CardTest"/>
  <testcase name="getNumber" time="0.174" classname="testNG.CardTest"/>
  <testcase name="getSuit" time="0.002" classname="testNG.CardTest"/>
  <testcase name="getNumber" time="0.001" classname="testNG.CardTest"/>
  <testcase name="equals" time="0.005" classname="testNG.CardTest"/>
  <testcase name="color" time="0.014" classname="testNG.CardTest"/>
  <testcase name="color" time="0.002" classname="testNG.CardTest"/>
  <testcase name="getNumber" time="0.002" classname="testNG.CardTest"/>
  <testcase name="getNumber" time="0.001" classname="testNG.CardTest"/>
  <testcase name="color" time="0.004" classname="testNG.CardTest"/>
  <testcase name="equals" time="0.005" classname="testNG.CardTest"/>
  <testcase name="getNumber" time="0.003" classname="testNG.CardTest"/>
  <testcase name="isValidSuit" time="0.001" classname="testNG.CardTest"/>
  <testcase name="color" time="0.002" classname="testNG.CardTest"/>
  <testcase name="equals" time="0.003" classname="testNG.CardTest"/>
  <testcase name="isValidSuit" time="0.001" classname="testNG.CardTest"/>
  <testcase name="equals" time="0.001" classname="testNG.CardTest"/>
  <testcase name="isValidSuit" time="0.001" classname="testNG.CardTest"/>
  <testcase name="equals" time="0.002" classname="testNG.CardTest"/>
  <testcase name="getNumber" time="0.007" classname="testNG.CardTest"/>
  <testcase name="isValidSuit" time="0.003" classname="testNG.CardTest"/>
  <testcase name="color" time="0.002" classname="testNG.CardTest"/>
  <testcase name="getNumber" time="0.010" classname="testNG.CardTest"/>
  <testcase name="color" time="0.002" classname="testNG.CardTest"/>
  <testcase name="equals" time="0.004" classname="testNG.CardTest"/>
  <testcase name="isFaceUp" time="0.003" classname="testNG.CardTest"/>
  <testcase name="isFaceUp" time="0.002" classname="testNG.CardTest"/>
  <testcase name="isValidSuit" time="0.006" classname="testNG.CardTest"/>
  <testcase name="equals" time="0.001" classname="testNG.CardTest"/>
  <testcase name="isFaceUp" time="0.003" classname="testNG.CardTest"/>
  <testcase name="equals" time="0.002" classname="testNG.CardTest"/>
  <testcase name="getSuit" time="0.002" classname="testNG.CardTest"/>
  <testcase name="getSuit" time="0.003" classname="testNG.CardTest"/>
  <testcase name="isHighlighted" time="0.058" classname="testNG.CardTest"/>
  <testcase name="getSuit" time="0.001" classname="testNG.CardTest"/>
  <testcase name="isFaceUp" time="0.007" classname="testNG.CardTest"/>
  <testcase name="getNumber" time="0.001" classname="testNG.CardTest"/>
  <testcase name="isHighlighted" time="0.002" classname="testNG.CardTest"/>
  <testcase name="getNumber" time="0.018" classname="testNG.CardTest"/>
  <testcase name="getNumber" time="0.004" classname="testNG.CardTest"/>
  <testcase name="getSuit" time="0.001" classname="testNG.CardTest"/>
  <testcase name="isFaceUp" time="0.002" classname="testNG.CardTest"/>
  <testcase name="color" time="0.008" classname="testNG.CardTest"/>
  <testcase name="color" time="0.004" classname="testNG.CardTest"/>
  <testcase name="isHighlighted" time="0.104" classname="testNG.CardTest"/>
  <testcase name="getSuit" time="0.001" classname="testNG.CardTest"/>
  <testcase name="isHighlighted" time="0.059" classname="testNG.CardTest"/>
  <testcase name="isValidSuit" time="0.010" classname="testNG.CardTest"/>
  <testcase name="isFaceUp" time="0.002" classname="testNG.CardTest"/>
  <testcase name="isHighlighted" time="0.003" classname="testNG.CardTest"/>
  <testcase name="equals" time="0.008" classname="testNG.CardTest"/>
  <testcase name="getNumber" time="0.001" classname="testNG.CardTest"/>
  <testcase name="color" time="0.004" classname="testNG.CardTest"/>
  <testcase name="isHighlighted" time="0.005" classname="testNG.CardTest"/>
  <testcase name="equals" time="0.004" classname="testNG.CardTest"/>
  <testcase name="equals" time="0.004" classname="testNG.CardTest"/>
  <testcase name="getNumber" time="0.003" classname="testNG.CardTest"/>
  <testcase name="getSuit" time="0.002" classname="testNG.CardTest"/>
  <testcase name="equals" time="0.001" classname="testNG.CardTest"/>
  <testcase name="isFaceUp" time="0.003" classname="testNG.CardTest"/>
  <testcase name="getSuit" time="0.003" classname="testNG.CardTest"/>
  <testcase name="getSuit" time="0.185" classname="testNG.CardTest"/>
  <testcase name="color" time="0.002" classname="testNG.CardTest"/>
  <testcase name="isValidSuit" time="0.002" classname="testNG.CardTest"/>
  <testcase name="isFaceUp" time="0.002" classname="testNG.CardTest"/>
  <testcase name="isHighlighted" time="0.005" classname="testNG.CardTest"/>
  <testcase name="isValidSuit" time="0.001" classname="testNG.CardTest"/>
  <testcase name="color" time="0.001" classname="testNG.CardTest"/>
  <testcase name="equals" time="0.002" classname="testNG.CardTest"/>
  <testcase name="equals" time="0.003" classname="testNG.CardTest"/>
  <testcase name="isValidSuit" time="0.002" classname="testNG.CardTest"/>
  <testcase name="getNumber" time="0.003" classname="testNG.CardTest"/>
  <testcase name="isHighlighted" time="0.004" classname="testNG.CardTest"/>
  <testcase name="isValidSuit" time="0.001" classname="testNG.CardTest"/>
  <testcase name="getNumber" time="0.005" classname="testNG.CardTest"/>
  <testcase name="isValidSuit" time="0.002" classname="testNG.CardTest"/>
  <testcase name="isValidSuit" time="0.003" classname="testNG.CardTest"/>
  <testcase name="isHighlighted" time="0.005" classname="testNG.CardTest"/>
</testsuite> <!-- testNG.CardTest -->
