<?xml version="1.0" encoding="UTF-8"?>
<!-- Generated by org.testng.reporters.JUnitReportReporter -->
<testsuite skipped="0" hostname="joshbresette" name="testNG.CardStackTest" tests="15" failures="0" timestamp="27 Apr 2017 19:48:32 GMT" time="0.917" errors="0">
  <testcase name="getStackCard" time="0.172" classname="testNG.CardStackTest"/>
  <testcase name="getCardAtLocationint" time="0.038" classname="testNG.CardStackTest"/>
  <testcase name="popCardStack" time="0.025" classname="testNG.CardStackTest"/>
  <testcase name="addStack" time="0.023" classname="testNG.CardStackTest"/>
  <testcase name="pop" time="0.041" classname="testNG.CardStackTest"/>
  <testcase name="getAvailableCards" time="0.034" classname="testNG.CardStackTest"/>
  <testcase name="peek" time="0.100" classname="testNG.CardStackTest"/>
  <testcase name="search" time="0.025" classname="testNG.CardStackTest"/>
  <testcase name="pushCardStack" time="0.035" classname="testNG.CardStackTest"/>
  <testcase name="isEmpty" time="0.067" classname="testNG.CardStackTest"/>
  <testcase name="getBottom" time="0.037" classname="testNG.CardStackTest"/>
  <testcase name="addCard" time="0.236" classname="testNG.CardStackTest"/>
  <testcase name="pushCard" time="0.033" classname="testNG.CardStackTest"/>
  <testcase name="length" time="0.020" classname="testNG.CardStackTest"/>
  <testcase name="getStackint" time="0.031" classname="testNG.CardStackTest"/>
</testsuite> <!-- testNG.CardStackTest -->
